Using pre-set license
Built from '2021.1/staging' branch; Version is '2021.1.6f1 (c0fade0cc7e9) revision 12647134'; Using compiler version '192528614'; Build Type 'Release'
OS: 'Windows 10 Pro; OS build 19043.1348; Version 2009; 64bit' Language: 'en' Physical Memory: 8072 MB
BatchMode: 1, IsHumanControllingUs: 0, StartBugReporterOnCrash: 0, Is64bit: 1, IsPro: 0

 COMMAND LINE ARGUMENTS:
C:\Program Files\Unity 2021.1.6f1\Editor\Unity.exe
-adb2
-batchMode
-noUpm
-name
AssetImportWorker0
-projectPath
C:/git/Doodle-Jump-Replica
-logFile
Logs/AssetImportWorker0.log
-srvPort
58338
Successfully changed project path to: C:/git/Doodle-Jump-Replica
C:/git/Doodle-Jump-Replica
Using Asset Import Pipeline V2.
Refreshing native plugins compatible for Editor in 76.17 ms, found 0 plugins.
Preloading 0 native plugins for Editor in 0.00 ms.
Initialize engine version: 2021.1.6f1 (c0fade0cc7e9)
[Subsystems] Discovering subsystems at path C:/Program Files/Unity 2021.1.6f1/Editor/Data/Resources/UnitySubsystems
[Subsystems] Discovering subsystems at path C:/git/Doodle-Jump-Replica/Assets
GfxDevice: creating device client; threaded=0; jobified=0
Direct3D:
    Version:  Direct3D 11.0 [level 10.1]
    Renderer: Intel(R) HD Graphics 3000 (ID=0x126)
    Vendor:   Intel
    VRAM:     128 MB
    Driver:   9.17.10.4459
Initialize mono
Mono path[0] = 'C:/Program Files/Unity 2021.1.6f1/Editor/Data/Managed'
Mono path[1] = 'C:/Program Files/Unity 2021.1.6f1/Editor/Data/MonoBleedingEdge/lib/mono/unityjit'
Mono config path = 'C:/Program Files/Unity 2021.1.6f1/Editor/Data/MonoBleedingEdge/etc'
Using monoOptions --debugger-agent=transport=dt_socket,embedding=1,server=y,suspend=n,address=127.0.0.1:56088
Begin MonoManager ReloadAssembly
Registering precompiled unity dll's ...
Register platform support module: C:/Program Files/Unity 2021.1.6f1/Editor/Data/PlaybackEngines/WindowsStandaloneSupport/UnityEditor.WindowsStandalone.Extensions.dll
Registered in 0.003051 seconds.
Native extension for WindowsStandalone target not found
Refreshing native plugins compatible for Editor in 62.29 ms, found 0 plugins.
Preloading 0 native plugins for Editor in 0.00 ms.
Mono: successfully reloaded assembly
- Completed reload, in  2.147 seconds
Platform modules already initialized, skipping
Registering precompiled user dll's ...
Registered in 0.003433 seconds.
Begin MonoManager ReloadAssembly
Native extension for WindowsStandalone target not found
Refreshing native plugins compatible for Editor in 0.85 ms, found 0 plugins.
Preloading 0 native plugins for Editor in 0.00 ms.
Mono: successfully reloaded assembly
- Completed reload, in  1.678 seconds
Platform modules already initialized, skipping
========================================================================
Worker process is ready to serve import requests
Launched and connected shader compiler UnityShaderCompiler.exe after 0.06 seconds
Refreshing native plugins compatible for Editor in 0.72 ms, found 0 plugins.
Preloading 0 native plugins for Editor in 0.00 ms.
Unloading 1673 Unused Serialized files (Serialized files now loaded: 0)
System memory in use before: 72.5 MB.
System memory in use after: 72.6 MB.

Unloading 49 unused Assets to reduce memory usage. Loaded Objects now: 2100.
Total: 8.285000 ms (FindLiveObjects: 0.169500 ms CreateObjectMapping: 0.073300 ms MarkObjects: 7.932400 ms  DeleteObjects: 0.107100 ms)

========================================================================
Received Import Request.
  path: Assets/scenes/mainLevel.unity
  artifactKey: Guid(ee4131afb4982414d849a398e599a416) Importer(815301076,1909f56bfc062723c751e8b465ee728b)
Start importing Assets/scenes/mainLevel.unity using Guid(ee4131afb4982414d849a398e599a416) Importer(815301076,1909f56bfc062723c751e8b465ee728b)  -> (artifact id: 'd2f2efdccec40854f4ab6cf955f1775d') in 0.025897 seconds 
========================================================================
Received Import Request.
  Time since last request: 29.075292 seconds.
  path: Assets/scripts
  artifactKey: Guid(8177a0c283958054281b1acc846f34cd) Importer(815301076,1909f56bfc062723c751e8b465ee728b)
Start importing Assets/scripts using Guid(8177a0c283958054281b1acc846f34cd) Importer(815301076,1909f56bfc062723c751e8b465ee728b)  -> (artifact id: '5b656d8b45e07879242b500d60be2970') in 0.017194 seconds 
========================================================================
Received Import Request.
  Time since last request: 1.009506 seconds.
  path: Assets/scripts/LevelGenerator.cs
  artifactKey: Guid(cf06515ec2d001e47bc2854d1adb51d6) Importer(815301076,1909f56bfc062723c751e8b465ee728b)
Start importing Assets/scripts/LevelGenerator.cs using Guid(cf06515ec2d001e47bc2854d1adb51d6) Importer(815301076,1909f56bfc062723c751e8b465ee728b)  -> (artifact id: '868a62c138b73f73303a03c84c73789a') in 0.074622 seconds 
========================================================================
Received Import Request.
  Time since last request: 7.307967 seconds.
  path: Assets/scripts/Platform.cs
  artifactKey: Guid(01dc5edd8a48ae44199a07d95e8907de) Importer(815301076,1909f56bfc062723c751e8b465ee728b)
Start importing Assets/scripts/Platform.cs using Guid(01dc5edd8a48ae44199a07d95e8907de) Importer(815301076,1909f56bfc062723c751e8b465ee728b)  -> (artifact id: '16feac1b91135826f426cecff1b81135') in 0.012286 seconds 
========================================================================
Received Import Request.
  Time since last request: 1.973647 seconds.
  path: Assets/scripts/Player.cs
  artifactKey: Guid(9b135522af616db4ea951cfc9867c854) Importer(815301076,1909f56bfc062723c751e8b465ee728b)
Start importing Assets/scripts/Player.cs using Guid(9b135522af616db4ea951cfc9867c854) Importer(815301076,1909f56bfc062723c751e8b465ee728b)  -> (artifact id: '7652cd76bd6c46db24bc81a872872f1e') in 0.012444 seconds 
========================================================================
Received Import Request.
  Time since last request: 3.625344 seconds.
  path: Assets/scripts/CameraFollow.cs
  artifactKey: Guid(fd4048278aace054282d3e6e9576d672) Importer(815301076,1909f56bfc062723c751e8b465ee728b)
Start importing Assets/scripts/CameraFollow.cs using Guid(fd4048278aace054282d3e6e9576d672) Importer(815301076,1909f56bfc062723c751e8b465ee728b)  -> (artifact id: '3b7d6c16fefa3d53c24bf7eb6126a462') in 0.011709 seconds 
========================================================================
Received Prepare
Registering precompiled user dll's ...
Registered in 0.004071 seconds.
Begin MonoManager ReloadAssembly
Native extension for WindowsStandalone target not found
Refreshing native plugins compatible for Editor in 0.85 ms, found 0 plugins.
Preloading 0 native plugins for Editor in 0.00 ms.
Mono: successfully reloaded assembly
- Completed reload, in  1.679 seconds
Platform modules already initialized, skipping
Refreshing native plugins compatible for Editor in 1.39 ms, found 0 plugins.
Preloading 0 native plugins for Editor in 0.00 ms.
Unloading 1667 Unused Serialized files (Serialized files now loaded: 0)
System memory in use before: 72.4 MB.
System memory in use after: 72.5 MB.

Unloading 40 unused Assets to reduce memory usage. Loaded Objects now: 2103.
Total: 8.369400 ms (FindLiveObjects: 0.177100 ms CreateObjectMapping: 0.074100 ms MarkObjects: 8.077300 ms  DeleteObjects: 0.038600 ms)

========================================================================
Received Prepare
Registering precompiled user dll's ...
Registered in 0.012336 seconds.
Begin MonoManager ReloadAssembly
Native extension for WindowsStandalone target not found
Refreshing native plugins compatible for Editor in 1.44 ms, found 0 plugins.
Preloading 0 native plugins for Editor in 0.00 ms.
Mono: successfully reloaded assembly
- Completed reload, in  2.280 seconds
Platform modules already initialized, skipping
Refreshing native plugins compatible for Editor in 0.90 ms, found 0 plugins.
Preloading 0 native plugins for Editor in 0.00 ms.
Unloading 1667 Unused Serialized files (Serialized files now loaded: 0)
System memory in use before: 72.4 MB.
System memory in use after: 72.5 MB.

Unloading 40 unused Assets to reduce memory usage. Loaded Objects now: 2106.
Total: 8.566300 ms (FindLiveObjects: 0.205600 ms CreateObjectMapping: 0.100900 ms MarkObjects: 8.211700 ms  DeleteObjects: 0.045000 ms)

========================================================================
Received Prepare
Registering precompiled user dll's ...
Registered in 0.009150 seconds.
Begin MonoManager ReloadAssembly
Native extension for WindowsStandalone target not found
Refreshing native plugins compatible for Editor in 1.59 ms, found 0 plugins.
Preloading 0 native plugins for Editor in 0.00 ms.
Mono: successfully reloaded assembly
- Completed reload, in  2.232 seconds
Platform modules already initialized, skipping
Refreshing native plugins compatible for Editor in 1.65 ms, found 0 plugins.
Preloading 0 native plugins for Editor in 0.00 ms.
Unloading 1667 Unused Serialized files (Serialized files now loaded: 0)
System memory in use before: 72.4 MB.
System memory in use after: 72.5 MB.

Unloading 40 unused Assets to reduce memory usage. Loaded Objects now: 2109.
Total: 10.014800 ms (FindLiveObjects: 0.181200 ms CreateObjectMapping: 0.074900 ms MarkObjects: 9.714800 ms  DeleteObjects: 0.041700 ms)

AssetImportWorkerClient::OnTransportError - code=2 error=End of file
